Using pre-set license
Built from '2020.3/staging' branch; Version is '2020.3.11f1 (99c7afb366b3) revision 10078127'; Using compiler version '192528614'; Build Type 'Release'
OS: 'Windows 10 Enterprise; OS build 19045.2846; Version 2009; 64bit' Language: 'en' Physical Memory: 15957 MB
BatchMode: 1, IsHumanControllingUs: 0, StartBugReporterOnCrash: 0, Is64bit: 1, IsPro: 0

 COMMAND LINE ARGUMENTS:
C:\Program Files\Unity\Hub\Editor\2020.3.11f1\Editor\Unity.exe
-adb2
-batchMode
-noUpm
-name
AssetImportWorker0
-projectPath
C:/Users/ramonls/Desktop/RHIT/Senior/Quarter 3/Game Dev/babyeagle/BabyEagle
-logFile
Logs/AssetImportWorker0.log
-srvPort
60411
Successfully changed project path to: C:/Users/ramonls/Desktop/RHIT/Senior/Quarter 3/Game Dev/babyeagle/BabyEagle
C:/Users/ramonls/Desktop/RHIT/Senior/Quarter 3/Game Dev/babyeagle/BabyEagle
Using Asset Import Pipeline V2.
Refreshing native plugins compatible for Editor in 87.06 ms, found 3 plugins.
Preloading 0 native plugins for Editor in 0.00 ms.
Initialize engine version: 2020.3.11f1 (99c7afb366b3)
[Subsystems] Discovering subsystems at path C:/Program Files/Unity/Hub/Editor/2020.3.11f1/Editor/Data/Resources/UnitySubsystems
[Subsystems] Discovering subsystems at path C:/Users/ramonls/Desktop/RHIT/Senior/Quarter 3/Game Dev/babyeagle/BabyEagle/Assets
GfxDevice: creating device client; threaded=0
Direct3D:
    Version:  Direct3D 11.0 [level 11.1]
    Renderer: NVIDIA Quadro P1000 (ID=0x1cbb)
    Vendor:   
    VRAM:     4019 MB
    Driver:   31.0.15.1766
Initialize mono
Mono path[0] = 'C:/Program Files/Unity/Hub/Editor/2020.3.11f1/Editor/Data/Managed'
Mono path[1] = 'C:/Program Files/Unity/Hub/Editor/2020.3.11f1/Editor/Data/MonoBleedingEdge/lib/mono/unityjit'
Mono config path = 'C:/Program Files/Unity/Hub/Editor/2020.3.11f1/Editor/Data/MonoBleedingEdge/etc'
Using monoOptions --debugger-agent=transport=dt_socket,embedding=1,server=y,suspend=n,address=127.0.0.1:56516
Begin MonoManager ReloadAssembly
Registering precompiled unity dll's ...
Register platform support module: C:/Program Files/Unity/Hub/Editor/2020.3.11f1/Editor/Data/PlaybackEngines/WindowsStandaloneSupport/UnityEditor.WindowsStandalone.Extensions.dll
Registered in 0.003386 seconds.
Native extension for WindowsStandalone target not found
Refreshing native plugins compatible for Editor in 135.53 ms, found 3 plugins.
Preloading 0 native plugins for Editor in 0.00 ms.
Mono: successfully reloaded assembly
- Completed reload, in  3.491 seconds
Platform modules already initialized, skipping
Registering precompiled user dll's ...
Registered in 0.025152 seconds.
Begin MonoManager ReloadAssembly
Native extension for WindowsStandalone target not found
Refreshing native plugins compatible for Editor in 166.15 ms, found 3 plugins.
Preloading 0 native plugins for Editor in 0.00 ms.
Mono: successfully reloaded assembly
- Completed reload, in  4.096 seconds
Platform modules already initialized, skipping
========================================================================
Worker process is ready to serve import requests
Launched and connected shader compiler UnityShaderCompiler.exe after 0.09 seconds
Refreshing native plugins compatible for Editor in 0.53 ms, found 3 plugins.
Preloading 0 native plugins for Editor in 0.00 ms.
Unloading 2080 Unused Serialized files (Serialized files now loaded: 0)
System memory in use before: 93.5 MB.
System memory in use after: 93.4 MB.

Unloading 33 unused Assets to reduce memory usage. Loaded Objects now: 2513.
Total: 3.205700 ms (FindLiveObjects: 0.221400 ms CreateObjectMapping: 0.095700 ms MarkObjects: 2.710000 ms  DeleteObjects: 0.176700 ms)

========================================================================
Received Import Request.
  path: Assets/Scripts
  artifactKey: Guid(874a3c3fc4cec7e48a4efb7485b86bae) Importer(815301076,1909f56bfc062723c751e8b465ee728b)
Start importing Assets/Scripts using Guid(874a3c3fc4cec7e48a4efb7485b86bae) Importer(815301076,1909f56bfc062723c751e8b465ee728b)  -> (artifact id: '9741207a6b28a46cf4cf9e6edcc50c59') in 0.009151 seconds
  Import took 0.014791 seconds .

========================================================================
Received Import Request.
  Time since last request: 360.407078 seconds.
  path: Packages/com.unity.2d.sprite/Editor/ObjectMenuCreation/DefaultAssets/Textures/Circle.png
  artifactKey: Guid(ebe73ca9363db456bacf42c025bb4847) Importer(815301076,1909f56bfc062723c751e8b465ee728b)
Start importing Packages/com.unity.2d.sprite/Editor/ObjectMenuCreation/DefaultAssets/Textures/Circle.png using Guid(ebe73ca9363db456bacf42c025bb4847) Importer(815301076,1909f56bfc062723c751e8b465ee728b)  -> (artifact id: '7d8c39de7271b5a455345680f1bcb82c') in 0.273509 seconds
  Import took 0.281826 seconds .

========================================================================
Received Import Request.
  Time since last request: 0.006436 seconds.
  path: Packages/com.unity.2d.sprite/Editor/ObjectMenuCreation/DefaultAssets/Textures/Circle.png
  artifactKey: Guid(ebe73ca9363db456bacf42c025bb4847) Importer(815301076,1909f56bfc062723c751e8b465ee728b)
Start importing Packages/com.unity.2d.sprite/Editor/ObjectMenuCreation/DefaultAssets/Textures/Circle.png using Guid(ebe73ca9363db456bacf42c025bb4847) Importer(815301076,1909f56bfc062723c751e8b465ee728b)  -> (artifact id: '7d8c39de7271b5a455345680f1bcb82c') in 0.018954 seconds
  Import took 0.025491 seconds .

========================================================================
Received Prepare
Registering precompiled user dll's ...
Registered in 0.015706 seconds.
Begin MonoManager ReloadAssembly
Native extension for WindowsStandalone target not found
Refreshing native plugins compatible for Editor in 0.71 ms, found 3 plugins.
Preloading 0 native plugins for Editor in 0.00 ms.
Mono: successfully reloaded assembly
- Completed reload, in  2.841 seconds
Platform modules already initialized, skipping
Refreshing native plugins compatible for Editor in 0.59 ms, found 3 plugins.
Preloading 0 native plugins for Editor in 0.00 ms.
Unloading 2075 Unused Serialized files (Serialized files now loaded: 0)
System memory in use before: 96.4 MB.
System memory in use after: 96.3 MB.

Unloading 21 unused Assets to reduce memory usage. Loaded Objects now: 2523.
Total: 3.931900 ms (FindLiveObjects: 0.375100 ms CreateObjectMapping: 0.121300 ms MarkObjects: 3.255500 ms  DeleteObjects: 0.178600 ms)

========================================================================
Received Import Request.
  Time since last request: 184.953311 seconds.
  path: Assets/Prefabs/FemaleZombie.prefab
  artifactKey: Guid(83f51c8bcfcbe20499db0a3ef9996f9b) Importer(815301076,1909f56bfc062723c751e8b465ee728b)
Start importing Assets/Prefabs/FemaleZombie.prefab using Guid(83f51c8bcfcbe20499db0a3ef9996f9b) Importer(815301076,1909f56bfc062723c751e8b465ee728b)  -> (artifact id: '89b18f8faa2d150078037b880d4549f1') in 0.149808 seconds
  Import took 0.155548 seconds .

========================================================================
Received Import Request.
  Time since last request: 0.000324 seconds.
  path: Assets/Prefabs/Protagonist.prefab
  artifactKey: Guid(2309f6ffc0dd4b349a10590a39320c7e) Importer(815301076,1909f56bfc062723c751e8b465ee728b)
Start importing Assets/Prefabs/Protagonist.prefab using Guid(2309f6ffc0dd4b349a10590a39320c7e) Importer(815301076,1909f56bfc062723c751e8b465ee728b)  -> (artifact id: '2177314e1c8c70369f5914b01ce18106') in 0.016348 seconds
  Import took 0.024186 seconds .

========================================================================
Received Import Request.
  Time since last request: 0.000430 seconds.
  path: Assets/Prefabs/MaleZombie.prefab
  artifactKey: Guid(66be1e9ec74651a4ebc854f199d0b157) Importer(815301076,1909f56bfc062723c751e8b465ee728b)
Start importing Assets/Prefabs/MaleZombie.prefab using Guid(66be1e9ec74651a4ebc854f199d0b157) Importer(815301076,1909f56bfc062723c751e8b465ee728b)  -> (artifact id: '12256a9b3ab371637a8f53fab7cbc95b') in 0.019261 seconds
  Import took 0.027265 seconds .

========================================================================
Received Prepare
Registering precompiled user dll's ...
Registered in 0.013033 seconds.
Begin MonoManager ReloadAssembly
Native extension for WindowsStandalone target not found
Refreshing native plugins compatible for Editor in 2.21 ms, found 3 plugins.
Preloading 0 native plugins for Editor in 0.00 ms.
Mono: successfully reloaded assembly
- Completed reload, in  2.769 seconds
Platform modules already initialized, skipping
Refreshing native plugins compatible for Editor in 1.20 ms, found 3 plugins.
Preloading 0 native plugins for Editor in 0.00 ms.
Unloading 2076 Unused Serialized files (Serialized files now loaded: 0)
System memory in use before: 96.5 MB.
System memory in use after: 96.4 MB.

Unloading 21 unused Assets to reduce memory usage. Loaded Objects now: 2532.
Total: 8.803500 ms (FindLiveObjects: 0.724900 ms CreateObjectMapping: 0.359300 ms MarkObjects: 7.327100 ms  DeleteObjects: 0.388700 ms)

========================================================================
Received Prepare
Registering precompiled user dll's ...
Registered in 0.010158 seconds.
Begin MonoManager ReloadAssembly
Native extension for WindowsStandalone target not found
Refreshing native plugins compatible for Editor in 0.54 ms, found 3 plugins.
Preloading 0 native plugins for Editor in 0.00 ms.
Mono: successfully reloaded assembly
- Completed reload, in  3.253 seconds
Platform modules already initialized, skipping
Refreshing native plugins compatible for Editor in 2.12 ms, found 3 plugins.
Preloading 0 native plugins for Editor in 0.00 ms.
Unloading 2076 Unused Serialized files (Serialized files now loaded: 0)
System memory in use before: 96.5 MB.
System memory in use after: 96.5 MB.

Unloading 21 unused Assets to reduce memory usage. Loaded Objects now: 2536.
Total: 10.079400 ms (FindLiveObjects: 0.706200 ms CreateObjectMapping: 0.315300 ms MarkObjects: 8.595300 ms  DeleteObjects: 0.459300 ms)

========================================================================
Received Import Request.
  Time since last request: 408.308999 seconds.
  path: Assets/Scripts/GameManager.cs
  artifactKey: Guid(1c29f13a1ee922c40aca825643eb56a8) Importer(815301076,1909f56bfc062723c751e8b465ee728b)
Start importing Assets/Scripts/GameManager.cs using Guid(1c29f13a1ee922c40aca825643eb56a8) Importer(815301076,1909f56bfc062723c751e8b465ee728b)  -> (artifact id: 'e4bc9c23d1fa1d66e3b91d5d2dc2930a') in 0.038765 seconds
  Import took 0.048520 seconds .

========================================================================
Received Prepare
Registering precompiled user dll's ...
Registered in 0.008585 seconds.
Begin MonoManager ReloadAssembly
Native extension for WindowsStandalone target not found
Refreshing native plugins compatible for Editor in 0.84 ms, found 3 plugins.
Preloading 0 native plugins for Editor in 0.00 ms.
Mono: successfully reloaded assembly
- Completed reload, in  2.320 seconds
Platform modules already initialized, skipping
Refreshing native plugins compatible for Editor in 0.51 ms, found 3 plugins.
Preloading 0 native plugins for Editor in 0.00 ms.
Unloading 2076 Unused Serialized files (Serialized files now loaded: 0)
System memory in use before: 96.5 MB.
System memory in use after: 96.5 MB.

Unloading 21 unused Assets to reduce memory usage. Loaded Objects now: 2540.
Total: 3.370000 ms (FindLiveObjects: 0.433100 ms CreateObjectMapping: 0.107800 ms MarkObjects: 2.687400 ms  DeleteObjects: 0.140400 ms)

========================================================================
Received Import Request.
  Time since last request: 96.145419 seconds.
  path: Assets/Scripts/GameManager.cs
  artifactKey: Guid(1c29f13a1ee922c40aca825643eb56a8) Importer(815301076,1909f56bfc062723c751e8b465ee728b)
Start importing Assets/Scripts/GameManager.cs using Guid(1c29f13a1ee922c40aca825643eb56a8) Importer(815301076,1909f56bfc062723c751e8b465ee728b)  -> (artifact id: 'dfeb7fcea1af81c46c1892a1a857ff70') in 0.017123 seconds
  Import took 0.023932 seconds .

========================================================================
Received Prepare
Registering precompiled user dll's ...
Registered in 0.014202 seconds.
Begin MonoManager ReloadAssembly
Native extension for WindowsStandalone target not found
Refreshing native plugins compatible for Editor in 0.55 ms, found 3 plugins.
Preloading 0 native plugins for Editor in 0.00 ms.
Mono: successfully reloaded assembly
- Completed reload, in  3.255 seconds
Platform modules already initialized, skipping
Refreshing native plugins compatible for Editor in 0.69 ms, found 3 plugins.
Preloading 0 native plugins for Editor in 0.00 ms.
Unloading 2076 Unused Serialized files (Serialized files now loaded: 0)
System memory in use before: 96.5 MB.
System memory in use after: 96.5 MB.

Unloading 21 unused Assets to reduce memory usage. Loaded Objects now: 2544.
Total: 2.716400 ms (FindLiveObjects: 0.190100 ms CreateObjectMapping: 0.083000 ms MarkObjects: 2.275500 ms  DeleteObjects: 0.166600 ms)

AssetImportWorkerClient::OnTransportError - code=2 error=End of file
